[0.024s] Invoking command in '/home/ubuntu/Desktop/uav_ws/src/build/my_cartographer': CMAKE_PREFIX_PATH=${CMAKE_PREFIX_PATH}:/home/ubuntu/Desktop/uav_ws/install/uav_description:/home/ubuntu/Desktop/uav_ws/install/nav2_simple_commander:/home/ubuntu/Desktop/uav_ws/install/my_amcl:/home/ubuntu/Desktop/uav_ws/install/imu:/opt/ros/rolling DEBUGINFOD_URLS=https://debuginfod.ubuntu.com /usr/bin/cmake /home/ubuntu/Desktop/uav_ws/src/my_cartographer -DCMAKE_INSTALL_PREFIX=/home/ubuntu/Desktop/uav_ws/src/install/my_cartographer
[0.839s] -- The C compiler identification is GNU 13.2.0
[1.499s] -- The CXX compiler identification is GNU 13.2.0
[1.595s] -- Detecting C compiler ABI info
[2.065s] -- Detecting C compiler ABI info - done
[2.081s] -- Check for working C compiler: /usr/bin/cc - skipped
[2.082s] -- Detecting C compile features
[2.083s] -- Detecting C compile features - done
[2.103s] -- Detecting CXX compiler ABI info
[2.405s] -- Detecting CXX compiler ABI info - done
[2.421s] -- Check for working CXX compiler: /usr/bin/c++ - skipped
[2.421s] -- Detecting CXX compile features
[2.422s] -- Detecting CXX compile features - done
[2.507s] -- Found ament_cmake: 2.6.0 (/opt/ros/rolling/share/ament_cmake/cmake)
[2.912s] -- Found Python3: /usr/bin/python3 (found version "3.12.3") found components: Interpreter 
[3.476s] -- Found ament_lint_auto: 0.18.0 (/opt/ros/rolling/share/ament_lint_auto/cmake)
[3.883s] -- Added test 'flake8' to check Python code syntax and style conventions
[3.883s] -- Configured 'flake8' exclude dirs and/or files: 
[3.886s] -- Added test 'lint_cmake' to check CMake code style
[3.889s] -- Added test 'pep257' to check Python code against some of the docstring style conventions in PEP 257
[3.894s] -- Added test 'xmllint' to check XML markup files
[3.900s] -- Configuring done (3.8s)
[3.905s] -- Generating done (0.0s)
[3.907s] -- Build files have been written to: /home/ubuntu/Desktop/uav_ws/src/build/my_cartographer
[3.917s] Invoked command in '/home/ubuntu/Desktop/uav_ws/src/build/my_cartographer' returned '0': CMAKE_PREFIX_PATH=${CMAKE_PREFIX_PATH}:/home/ubuntu/Desktop/uav_ws/install/uav_description:/home/ubuntu/Desktop/uav_ws/install/nav2_simple_commander:/home/ubuntu/Desktop/uav_ws/install/my_amcl:/home/ubuntu/Desktop/uav_ws/install/imu:/opt/ros/rolling DEBUGINFOD_URLS=https://debuginfod.ubuntu.com /usr/bin/cmake /home/ubuntu/Desktop/uav_ws/src/my_cartographer -DCMAKE_INSTALL_PREFIX=/home/ubuntu/Desktop/uav_ws/src/install/my_cartographer
[3.919s] Invoking command in '/home/ubuntu/Desktop/uav_ws/src/build/my_cartographer': CMAKE_PREFIX_PATH=${CMAKE_PREFIX_PATH}:/home/ubuntu/Desktop/uav_ws/install/uav_description:/home/ubuntu/Desktop/uav_ws/install/nav2_simple_commander:/home/ubuntu/Desktop/uav_ws/install/my_amcl:/home/ubuntu/Desktop/uav_ws/install/imu:/opt/ros/rolling DEBUGINFOD_URLS=https://debuginfod.ubuntu.com /usr/bin/cmake --build /home/ubuntu/Desktop/uav_ws/src/build/my_cartographer -- -j4 -l4
[4.060s] Invoked command in '/home/ubuntu/Desktop/uav_ws/src/build/my_cartographer' returned '0': CMAKE_PREFIX_PATH=${CMAKE_PREFIX_PATH}:/home/ubuntu/Desktop/uav_ws/install/uav_description:/home/ubuntu/Desktop/uav_ws/install/nav2_simple_commander:/home/ubuntu/Desktop/uav_ws/install/my_amcl:/home/ubuntu/Desktop/uav_ws/install/imu:/opt/ros/rolling DEBUGINFOD_URLS=https://debuginfod.ubuntu.com /usr/bin/cmake --build /home/ubuntu/Desktop/uav_ws/src/build/my_cartographer -- -j4 -l4
[4.174s] Invoking command in '/home/ubuntu/Desktop/uav_ws/src/build/my_cartographer': CMAKE_PREFIX_PATH=${CMAKE_PREFIX_PATH}:/home/ubuntu/Desktop/uav_ws/install/uav_description:/home/ubuntu/Desktop/uav_ws/install/nav2_simple_commander:/home/ubuntu/Desktop/uav_ws/install/my_amcl:/home/ubuntu/Desktop/uav_ws/install/imu:/opt/ros/rolling DEBUGINFOD_URLS=https://debuginfod.ubuntu.com /usr/bin/cmake --install /home/ubuntu/Desktop/uav_ws/src/build/my_cartographer
[4.200s] -- Install configuration: ""
[4.201s] -- Installing: /home/ubuntu/Desktop/uav_ws/src/install/my_cartographer/share/ament_index/resource_index/package_run_dependencies/my_cartographer
[4.201s] -- Installing: /home/ubuntu/Desktop/uav_ws/src/install/my_cartographer/share/ament_index/resource_index/parent_prefix_path/my_cartographer
[4.201s] -- Installing: /home/ubuntu/Desktop/uav_ws/src/install/my_cartographer/share/my_cartographer/environment/ament_prefix_path.sh
[4.201s] -- Installing: /home/ubuntu/Desktop/uav_ws/src/install/my_cartographer/share/my_cartographer/environment/ament_prefix_path.dsv
[4.202s] -- Installing: /home/ubuntu/Desktop/uav_ws/src/install/my_cartographer/share/my_cartographer/environment/path.sh
[4.202s] -- Installing: /home/ubuntu/Desktop/uav_ws/src/install/my_cartographer/share/my_cartographer/environment/path.dsv
[4.202s] -- Installing: /home/ubuntu/Desktop/uav_ws/src/install/my_cartographer/share/my_cartographer/local_setup.bash
[4.202s] -- Installing: /home/ubuntu/Desktop/uav_ws/src/install/my_cartographer/share/my_cartographer/local_setup.sh
[4.202s] -- Installing: /home/ubuntu/Desktop/uav_ws/src/install/my_cartographer/share/my_cartographer/local_setup.zsh
[4.203s] -- Installing: /home/ubuntu/Desktop/uav_ws/src/install/my_cartographer/share/my_cartographer/local_setup.dsv
[4.203s] -- Installing: /home/ubuntu/Desktop/uav_ws/src/install/my_cartographer/share/my_cartographer/package.dsv
[4.203s] -- Installing: /home/ubuntu/Desktop/uav_ws/src/install/my_cartographer/share/ament_index/resource_index/packages/my_cartographer
[4.203s] -- Installing: /home/ubuntu/Desktop/uav_ws/src/install/my_cartographer/share/my_cartographer/cmake/my_cartographerConfig.cmake
[4.204s] -- Installing: /home/ubuntu/Desktop/uav_ws/src/install/my_cartographer/share/my_cartographer/cmake/my_cartographerConfig-version.cmake
[4.204s] -- Installing: /home/ubuntu/Desktop/uav_ws/src/install/my_cartographer/share/my_cartographer/package.xml
[4.204s] -- Installing: /home/ubuntu/Desktop/uav_ws/src/install/my_cartographer/share/my_cartographer/config
[4.204s] -- Installing: /home/ubuntu/Desktop/uav_ws/src/install/my_cartographer/share/my_cartographer/config/nav2_params.yaml
[4.205s] -- Installing: /home/ubuntu/Desktop/uav_ws/src/install/my_cartographer/share/my_cartographer/config/efk.yaml
[4.207s] -- Installing: /home/ubuntu/Desktop/uav_ws/src/install/my_cartographer/share/my_cartographer/config/map_server_params.yaml
[4.207s] -- Installing: /home/ubuntu/Desktop/uav_ws/src/install/my_cartographer/share/my_cartographer/launch
[4.207s] -- Installing: /home/ubuntu/Desktop/uav_ws/src/install/my_cartographer/share/my_cartographer/launch/test.launch.py
[4.207s] -- Installing: /home/ubuntu/Desktop/uav_ws/src/install/my_cartographer/share/my_cartographer/launch/cartographer_2d.launch.py
[4.208s] -- Installing: /home/ubuntu/Desktop/uav_ws/src/install/my_cartographer/share/my_cartographer/rviz
[4.208s] -- Installing: /home/ubuntu/Desktop/uav_ws/src/install/my_cartographer/share/my_cartographer/rviz/rviz.rviz
[4.214s] Invoked command in '/home/ubuntu/Desktop/uav_ws/src/build/my_cartographer' returned '0': CMAKE_PREFIX_PATH=${CMAKE_PREFIX_PATH}:/home/ubuntu/Desktop/uav_ws/install/uav_description:/home/ubuntu/Desktop/uav_ws/install/nav2_simple_commander:/home/ubuntu/Desktop/uav_ws/install/my_amcl:/home/ubuntu/Desktop/uav_ws/install/imu:/opt/ros/rolling DEBUGINFOD_URLS=https://debuginfod.ubuntu.com /usr/bin/cmake --install /home/ubuntu/Desktop/uav_ws/src/build/my_cartographer
