-- Install configuration: ""
-- Up-to-date: /home/ubuntu/Desktop/uav_ws/src/install/my_cartographer/share/ament_index/resource_index/package_run_dependencies/my_cartographer
-- Up-to-date: /home/ubuntu/Desktop/uav_ws/src/install/my_cartographer/share/ament_index/resource_index/parent_prefix_path/my_cartographer
-- Up-to-date: /home/ubuntu/Desktop/uav_ws/src/install/my_cartographer/share/my_cartographer/environment/ament_prefix_path.sh
-- Up-to-date: /home/ubuntu/Desktop/uav_ws/src/install/my_cartographer/share/my_cartographer/environment/ament_prefix_path.dsv
-- Up-to-date: /home/ubuntu/Desktop/uav_ws/src/install/my_cartographer/share/my_cartographer/environment/path.sh
-- Up-to-date: /home/ubuntu/Desktop/uav_ws/src/install/my_cartographer/share/my_cartographer/environment/path.dsv
-- Up-to-date: /home/ubuntu/Desktop/uav_ws/src/install/my_cartographer/share/my_cartographer/local_setup.bash
-- Up-to-date: /home/ubuntu/Desktop/uav_ws/src/install/my_cartographer/share/my_cartographer/local_setup.sh
-- Up-to-date: /home/ubuntu/Desktop/uav_ws/src/install/my_cartographer/share/my_cartographer/local_setup.zsh
-- Up-to-date: /home/ubuntu/Desktop/uav_ws/src/install/my_cartographer/share/my_cartographer/local_setup.dsv
-- Installing: /home/ubuntu/Desktop/uav_ws/src/install/my_cartographer/share/my_cartographer/package.dsv
-- Up-to-date: /home/ubuntu/Desktop/uav_ws/src/install/my_cartographer/share/ament_index/resource_index/packages/my_cartographer
-- Up-to-date: /home/ubuntu/Desktop/uav_ws/src/install/my_cartographer/share/my_cartographer/cmake/my_cartographerConfig.cmake
-- Up-to-date: /home/ubuntu/Desktop/uav_ws/src/install/my_cartographer/share/my_cartographer/cmake/my_cartographerConfig-version.cmake
-- Up-to-date: /home/ubuntu/Desktop/uav_ws/src/install/my_cartographer/share/my_cartographer/package.xml
-- Up-to-date: /home/ubuntu/Desktop/uav_ws/src/install/my_cartographer/share/my_cartographer/config
-- Up-to-date: /home/ubuntu/Desktop/uav_ws/src/install/my_cartographer/share/my_cartographer/config/nav2_params.yaml
-- Up-to-date: /home/ubuntu/Desktop/uav_ws/src/install/my_cartographer/share/my_cartographer/config/efk.yaml
-- Up-to-date: /home/ubuntu/Desktop/uav_ws/src/install/my_cartographer/share/my_cartographer/config/map_server_params.yaml
-- Up-to-date: /home/ubuntu/Desktop/uav_ws/src/install/my_cartographer/share/my_cartographer/launch
-- Up-to-date: /home/ubuntu/Desktop/uav_ws/src/install/my_cartographer/share/my_cartographer/launch/test.launch.py
-- Up-to-date: /home/ubuntu/Desktop/uav_ws/src/install/my_cartographer/share/my_cartographer/launch/cartographer_2d.launch.py
-- Up-to-date: /home/ubuntu/Desktop/uav_ws/src/install/my_cartographer/share/my_cartographer/rviz
-- Up-to-date: /home/ubuntu/Desktop/uav_ws/src/install/my_cartographer/share/my_cartographer/rviz/rviz.rviz
